Running test: tests/semantics/rule1-illegal.dcf

---------------------------------
Running test: tests/semantics/rule2-illegal.dcf
~~~tests/semantics/rule2-illegal.dcf parsing error: Invalid syntax from (line 4, column 1) to (line 7, column 2):
  void main ( ) { x = 5 ; int x ; }
	Reason: Invalid token sequence or unsupported syntax.
thread 'main' panicked at src/parse.rs:1297:17:
Parsing failed.
note: run with `RUST_BACKTRACE=1` environment variable to display a backtrace
---------------------------------
Running test: tests/semantics/rule3-illegal.dcf
~~~tests/semantics/rule3-illegal.dcf: semantic error: Missing entry point: `main`
thread 'main' panicked at src/semcheck.rs:1034:9:
Semantic check failed.
note: run with `RUST_BACKTRACE=1` environment variable to display a backtrace
---------------------------------
Running test: tests/semantics/rule4-illegal.dcf
~~~tests/semantics/rule4-illegal.dcf (line 1, col 1): semantic error: Incorrect number of arguments for method. Expected 1, but got 0. `foo`
thread 'main' panicked at src/semcheck.rs:1034:9:
Semantic check failed.
note: run with `RUST_BACKTRACE=1` environment variable to display a backtrace
---------------------------------
Running test: tests/semantics/rule5-illegal.dcf
~~~tests/semantics/rule5-illegal.dcf (line 1, col 1): semantic error: Method does not return a value but is used in an expression. `foo`
thread 'main' panicked at src/semcheck.rs:1034:9:
Semantic check failed.
note: run with `RUST_BACKTRACE=1` environment variable to display a backtrace
---------------------------------
Running test: tests/semantics/rule6-illegal.dcf
~~~tests/semantics/rule6-illegal.dcf parsing error: Invalid syntax from (line 1, column 1) to (line 5, column 2):
  void bar ( int [ ] a ) { } void foo ( ) void main ( ) { }
	Reason: Invalid token sequence or unsupported syntax.
thread 'main' panicked at src/parse.rs:1297:17:
Parsing failed.
note: run with `RUST_BACKTRACE=1` environment variable to display a backtrace
---------------------------------
Running test: tests/semantics/rule6-legal.dcf

---------------------------------
Running test: tests/semantics/rule7-illegal.dcf
tests/semantics/rule7-illegal.dcf:2:5: ERROR: Return statement with a value in a void function.
---------------------------------
Running test: tests/semantics/rule8-illegal.dcf
tests/semantics/rule8-illegal.dcf:2:5: ERROR: Return type mismatch. Expected 'Int', found 'Bool'.
---------------------------------
Running test: tests/semantics/rule9-illegal.dcf
~~~tests/semantics/rule9-illegal.dcf (line 2, col 5): semantic error: Use before declaration `x`
thread 'main' panicked at src/semcheck.rs:1034:9:
Semantic check failed.
note: run with `RUST_BACKTRACE=1` environment variable to display a backtrace
---------------------------------
Running test: tests/semantics/rule10-illegal.dcf
~~~tests/semantics/rule10-illegal.dcf (line 2, col 5): semantic error: Call to undefined method. `foo`
thread 'main' panicked at src/semcheck.rs:1034:9:
Semantic check failed.
note: run with `RUST_BACKTRACE=1` environment variable to display a backtrace
---------------------------------
Running test: tests/semantics/rule11-illegal.dcf

---------------------------------
Running test: tests/semantics/rule12-illegal.dcf

---------------------------------
Running test: tests/semantics/rule13-illegal.dcf

---------------------------------
Running test: tests/semantics/rule14-illegal.dcf

---------------------------------
Running test: tests/semantics/rule15-illegal.dcf

---------------------------------
Running test: tests/semantics/rule16-illegal.dcf

---------------------------------
Running test: tests/semantics/rule17-illegal.dcf

---------------------------------
Running test: tests/semantics/rule18-illegal.dcf

---------------------------------
Running test: tests/semantics/rule19-illegal.dcf

---------------------------------
Running test: tests/semantics/rule20-illegal.dcf

---------------------------------
Running test: tests/semantics/rule21-illegal.dcf

---------------------------------
Running test: tests/semantics/rule22-illegal.dcf

---------------------------------
Running test: tests/semantics/rule23-illegal.dcf

---------------------------------
